\BOOKMARK [0][-]{chapter.1}{\376\377\0001\000\040\000C\000l\000a\000s\000s\000\040\000I\000n\000d\000e\000x}{}% 1
\BOOKMARK [1][-]{section.1.1}{\376\377\0001\000.\0001\000\040\000C\000l\000a\000s\000s\000\040\000L\000i\000s\000t}{chapter.1}% 2
\BOOKMARK [0][-]{chapter.2}{\376\377\0002\000\040\000F\000i\000l\000e\000\040\000I\000n\000d\000e\000x}{}% 3
\BOOKMARK [1][-]{section.2.1}{\376\377\0002\000.\0001\000\040\000F\000i\000l\000e\000\040\000L\000i\000s\000t}{chapter.2}% 4
\BOOKMARK [0][-]{chapter.3}{\376\377\0003\000\040\000C\000l\000a\000s\000s\000\040\000D\000o\000c\000u\000m\000e\000n\000t\000a\000t\000i\000o\000n}{}% 5
\BOOKMARK [1][-]{section.3.1}{\376\377\0003\000.\0001\000\040\000f\000i\000l\000e\000\137\000d\000e\000s\000c\000r\000i\000p\000t\000o\000r\000\040\000S\000t\000r\000u\000c\000t\000\040\000R\000e\000f\000e\000r\000e\000n\000c\000e}{chapter.3}% 6
\BOOKMARK [2][-]{subsection.3.1.1}{\376\377\0003\000.\0001\000.\0001\000\040\000D\000e\000t\000a\000i\000l\000e\000d\000\040\000D\000e\000s\000c\000r\000i\000p\000t\000i\000o\000n}{section.3.1}% 7
\BOOKMARK [1][-]{section.3.2}{\376\377\0003\000.\0002\000\040\000H\000a\000s\000h\000N\000o\000d\000e\000\040\000S\000t\000r\000u\000c\000t\000\040\000R\000e\000f\000e\000r\000e\000n\000c\000e}{chapter.3}% 8
\BOOKMARK [2][-]{subsection.3.2.1}{\376\377\0003\000.\0002\000.\0001\000\040\000D\000e\000t\000a\000i\000l\000e\000d\000\040\000D\000e\000s\000c\000r\000i\000p\000t\000i\000o\000n}{section.3.2}% 9
\BOOKMARK [1][-]{section.3.3}{\376\377\0003\000.\0003\000\040\000L\000i\000n\000k\000e\000d\000L\000i\000s\000t\000\040\000S\000t\000r\000u\000c\000t\000\040\000R\000e\000f\000e\000r\000e\000n\000c\000e}{chapter.3}% 10
\BOOKMARK [2][-]{subsection.3.3.1}{\376\377\0003\000.\0003\000.\0001\000\040\000D\000e\000t\000a\000i\000l\000e\000d\000\040\000D\000e\000s\000c\000r\000i\000p\000t\000i\000o\000n}{section.3.3}% 11
\BOOKMARK [1][-]{section.3.4}{\376\377\0003\000.\0004\000\040\000N\000o\000d\000e\000\040\000S\000t\000r\000u\000c\000t\000\040\000R\000e\000f\000e\000r\000e\000n\000c\000e}{chapter.3}% 12
\BOOKMARK [2][-]{subsection.3.4.1}{\376\377\0003\000.\0004\000.\0001\000\040\000D\000e\000t\000a\000i\000l\000e\000d\000\040\000D\000e\000s\000c\000r\000i\000p\000t\000i\000o\000n}{section.3.4}% 13
\BOOKMARK [1][-]{section.3.5}{\376\377\0003\000.\0005\000\040\000p\000a\000r\000s\000e\000d\000\137\000c\000o\000m\000m\000a\000n\000d\000\040\000S\000t\000r\000u\000c\000t\000\040\000R\000e\000f\000e\000r\000e\000n\000c\000e}{chapter.3}% 14
\BOOKMARK [2][-]{subsection.3.5.1}{\376\377\0003\000.\0005\000.\0001\000\040\000D\000e\000t\000a\000i\000l\000e\000d\000\040\000D\000e\000s\000c\000r\000i\000p\000t\000i\000o\000n}{section.3.5}% 15
\BOOKMARK [1][-]{section.3.6}{\376\377\0003\000.\0006\000\040\000P\000C\000B\000\040\000S\000t\000r\000u\000c\000t\000\040\000R\000e\000f\000e\000r\000e\000n\000c\000e}{chapter.3}% 16
\BOOKMARK [2][-]{subsection.3.6.1}{\376\377\0003\000.\0006\000.\0001\000\040\000D\000e\000t\000a\000i\000l\000e\000d\000\040\000D\000e\000s\000c\000r\000i\000p\000t\000i\000o\000n}{section.3.6}% 17
\BOOKMARK [1][-]{section.3.7}{\376\377\0003\000.\0007\000\040\000S\000c\000h\000e\000d\000u\000l\000e\000r\000C\000o\000n\000t\000e\000x\000t\000\040\000S\000t\000r\000u\000c\000t\000\040\000R\000e\000f\000e\000r\000e\000n\000c\000e}{chapter.3}% 18
\BOOKMARK [2][-]{subsection.3.7.1}{\376\377\0003\000.\0007\000.\0001\000\040\000D\000e\000t\000a\000i\000l\000e\000d\000\040\000D\000e\000s\000c\000r\000i\000p\000t\000i\000o\000n}{section.3.7}% 19
\BOOKMARK [1][-]{section.3.8}{\376\377\0003\000.\0008\000\040\000s\000i\000g\000n\000a\000l\000\040\000S\000t\000r\000u\000c\000t\000\040\000R\000e\000f\000e\000r\000e\000n\000c\000e}{chapter.3}% 20
\BOOKMARK [2][-]{subsection.3.8.1}{\376\377\0003\000.\0008\000.\0001\000\040\000D\000e\000t\000a\000i\000l\000e\000d\000\040\000D\000e\000s\000c\000r\000i\000p\000t\000i\000o\000n}{section.3.8}% 21
\BOOKMARK [1][-]{section.3.9}{\376\377\0003\000.\0009\000\040\000t\000i\000m\000e\000r\000\040\000S\000t\000r\000u\000c\000t\000\040\000R\000e\000f\000e\000r\000e\000n\000c\000e}{chapter.3}% 22
\BOOKMARK [2][-]{subsection.3.9.1}{\376\377\0003\000.\0009\000.\0001\000\040\000D\000e\000t\000a\000i\000l\000e\000d\000\040\000D\000e\000s\000c\000r\000i\000p\000t\000i\000o\000n}{section.3.9}% 23
\BOOKMARK [1][-]{section.3.10}{\376\377\0003\000.\0001\0000\000\040\000w\000a\000i\000t\000i\000n\000g\000\137\000p\000r\000o\000c\000e\000s\000s\000\040\000S\000t\000r\000u\000c\000t\000\040\000R\000e\000f\000e\000r\000e\000n\000c\000e}{chapter.3}% 24
\BOOKMARK [2][-]{subsection.3.10.1}{\376\377\0003\000.\0001\0000\000.\0001\000\040\000D\000e\000t\000a\000i\000l\000e\000d\000\040\000D\000e\000s\000c\000r\000i\000p\000t\000i\000o\000n}{section.3.10}% 25
\BOOKMARK [0][-]{chapter.4}{\376\377\0004\000\040\000F\000i\000l\000e\000\040\000D\000o\000c\000u\000m\000e\000n\000t\000a\000t\000i\000o\000n}{}% 26
\BOOKMARK [1][-]{section.4.1}{\376\377\0004\000.\0001\000\040\000s\000r\000c\000/\000F\000A\000T\000/\000f\000i\000l\000e\000\137\000d\000e\000s\000c\000r\000i\000p\000t\000o\000r\000.\000h\000\040\000F\000i\000l\000e\000\040\000R\000e\000f\000e\000r\000e\000n\000c\000e}{chapter.4}% 27
\BOOKMARK [2][-]{subsection.4.1.1}{\376\377\0004\000.\0001\000.\0001\000\040\000D\000e\000t\000a\000i\000l\000e\000d\000\040\000D\000e\000s\000c\000r\000i\000p\000t\000i\000o\000n}{section.4.1}% 28
\BOOKMARK [2][-]{subsection.4.1.2}{\376\377\0004\000.\0001\000.\0002\000\040\000F\000u\000n\000c\000t\000i\000o\000n\000\040\000D\000o\000c\000u\000m\000e\000n\000t\000a\000t\000i\000o\000n}{section.4.1}% 29
\BOOKMARK [3][-]{subsubsection.4.1.2.1}{\376\377\0004\000.\0001\000.\0002\000.\0001\000\040\000f\000d\000\137\000c\000r\000e\000a\000t\000e\000\050\000\051}{subsection.4.1.2}% 30
\BOOKMARK [1][-]{section.4.2}{\376\377\0004\000.\0002\000\040\000s\000r\000c\000/\000F\000A\000T\000/\000s\000y\000s\000t\000e\000m\000-\000c\000a\000l\000l\000s\000.\000h\000\040\000F\000i\000l\000e\000\040\000R\000e\000f\000e\000r\000e\000n\000c\000e}{chapter.4}% 31
\BOOKMARK [2][-]{subsection.4.2.1}{\376\377\0004\000.\0002\000.\0001\000\040\000D\000e\000t\000a\000i\000l\000e\000d\000\040\000D\000e\000s\000c\000r\000i\000p\000t\000i\000o\000n}{section.4.2}% 32
\BOOKMARK [2][-]{subsection.4.2.2}{\376\377\0004\000.\0002\000.\0002\000\040\000E\000n\000u\000m\000e\000r\000a\000t\000i\000o\000n\000\040\000T\000y\000p\000e\000\040\000D\000o\000c\000u\000m\000e\000n\000t\000a\000t\000i\000o\000n}{section.4.2}% 33
\BOOKMARK [3][-]{subsubsection.4.2.2.1}{\376\377\0004\000.\0002\000.\0002\000.\0001\000\040\000m\000o\000d\000e}{subsection.4.2.2}% 34
\BOOKMARK [2][-]{subsection.4.2.3}{\376\377\0004\000.\0002\000.\0003\000\040\000F\000u\000n\000c\000t\000i\000o\000n\000\040\000D\000o\000c\000u\000m\000e\000n\000t\000a\000t\000i\000o\000n}{section.4.2}% 35
\BOOKMARK [3][-]{subsubsection.4.2.3.1}{\376\377\0004\000.\0002\000.\0003\000.\0001\000\040\000f\000\137\000c\000h\000m\000o\000d\000\050\000\051}{subsection.4.2.3}% 36
\BOOKMARK [3][-]{subsubsection.4.2.3.2}{\376\377\0004\000.\0002\000.\0003\000.\0002\000\040\000f\000\137\000c\000l\000o\000s\000e\000\050\000\051}{subsection.4.2.3}% 37
\BOOKMARK [3][-]{subsubsection.4.2.3.3}{\376\377\0004\000.\0002\000.\0003\000.\0003\000\040\000f\000\137\000l\000s\000\050\000\051}{subsection.4.2.3}% 38
\BOOKMARK [3][-]{subsubsection.4.2.3.4}{\376\377\0004\000.\0002\000.\0003\000.\0004\000\040\000f\000\137\000l\000s\000e\000e\000k\000\050\000\051}{subsection.4.2.3}% 39
\BOOKMARK [3][-]{subsubsection.4.2.3.5}{\376\377\0004\000.\0002\000.\0003\000.\0005\000\040\000f\000\137\000m\000o\000v\000e\000\050\000\051}{subsection.4.2.3}% 40
\BOOKMARK [3][-]{subsubsection.4.2.3.6}{\376\377\0004\000.\0002\000.\0003\000.\0006\000\040\000f\000\137\000o\000p\000e\000n\000\050\000\051}{subsection.4.2.3}% 41
\BOOKMARK [3][-]{subsubsection.4.2.3.7}{\376\377\0004\000.\0002\000.\0003\000.\0007\000\040\000f\000\137\000r\000e\000a\000d\000\050\000\051}{subsection.4.2.3}% 42
\BOOKMARK [3][-]{subsubsection.4.2.3.8}{\376\377\0004\000.\0002\000.\0003\000.\0008\000\040\000f\000\137\000t\000o\000u\000c\000h\000\050\000\051}{subsection.4.2.3}% 43
\BOOKMARK [3][-]{subsubsection.4.2.3.9}{\376\377\0004\000.\0002\000.\0003\000.\0009\000\040\000f\000\137\000u\000n\000l\000i\000n\000k\000\050\000\051}{subsection.4.2.3}% 44
\BOOKMARK [3][-]{subsubsection.4.2.3.10}{\376\377\0004\000.\0002\000.\0003\000.\0001\0000\000\040\000f\000\137\000w\000r\000i\000t\000e\000\050\000\051}{subsection.4.2.3}% 45
\BOOKMARK [3][-]{subsubsection.4.2.3.11}{\376\377\0004\000.\0002\000.\0003\000.\0001\0001\000\040\000m\000o\000u\000n\000t\000\050\000\051}{subsection.4.2.3}% 46
\BOOKMARK [1][-]{section.4.3}{\376\377\0004\000.\0003\000\040\000s\000r\000c\000/\000k\000e\000r\000n\000e\000l\000/\000k\000e\000r\000n\000e\000l\000.\000c\000\040\000F\000i\000l\000e\000\040\000R\000e\000f\000e\000r\000e\000n\000c\000e}{chapter.4}% 47
\BOOKMARK [2][-]{subsection.4.3.1}{\376\377\0004\000.\0003\000.\0001\000\040\000D\000e\000t\000a\000i\000l\000e\000d\000\040\000D\000e\000s\000c\000r\000i\000p\000t\000i\000o\000n}{section.4.3}% 48
\BOOKMARK [2][-]{subsection.4.3.2}{\376\377\0004\000.\0003\000.\0002\000\040\000F\000u\000n\000c\000t\000i\000o\000n\000\040\000D\000o\000c\000u\000m\000e\000n\000t\000a\000t\000i\000o\000n}{section.4.3}% 49
\BOOKMARK [3][-]{subsubsection.4.3.2.1}{\376\377\0004\000.\0003\000.\0002\000.\0001\000\040\000k\000\137\000p\000r\000o\000c\000e\000s\000s\000\137\000c\000l\000e\000a\000n\000u\000p\000\050\000\051}{subsection.4.3.2}% 50
\BOOKMARK [3][-]{subsubsection.4.3.2.2}{\376\377\0004\000.\0003\000.\0002\000.\0002\000\040\000k\000\137\000p\000r\000o\000c\000e\000s\000s\000\137\000c\000r\000e\000a\000t\000e\000\050\000\051}{subsection.4.3.2}% 51
\BOOKMARK [3][-]{subsubsection.4.3.2.3}{\376\377\0004\000.\0003\000.\0002\000.\0003\000\040\000k\000\137\000p\000r\000o\000c\000e\000s\000s\000\137\000k\000i\000l\000l\000\050\000\051}{subsection.4.3.2}% 52
\BOOKMARK [3][-]{subsubsection.4.3.2.4}{\376\377\0004\000.\0003\000.\0002\000.\0004\000\040\000s\000e\000t\000S\000t\000a\000c\000k\000\050\000\051}{subsection.4.3.2}% 53
\BOOKMARK [1][-]{section.4.4}{\376\377\0004\000.\0004\000\040\000s\000r\000c\000/\000k\000e\000r\000n\000e\000l\000/\000k\000e\000r\000n\000e\000l\000.\000h\000\040\000F\000i\000l\000e\000\040\000R\000e\000f\000e\000r\000e\000n\000c\000e}{chapter.4}% 54
\BOOKMARK [2][-]{subsection.4.4.1}{\376\377\0004\000.\0004\000.\0001\000\040\000D\000e\000t\000a\000i\000l\000e\000d\000\040\000D\000e\000s\000c\000r\000i\000p\000t\000i\000o\000n}{section.4.4}% 55
\BOOKMARK [2][-]{subsection.4.4.2}{\376\377\0004\000.\0004\000.\0002\000\040\000F\000u\000n\000c\000t\000i\000o\000n\000\040\000D\000o\000c\000u\000m\000e\000n\000t\000a\000t\000i\000o\000n}{section.4.4}% 56
\BOOKMARK [3][-]{subsubsection.4.4.2.1}{\376\377\0004\000.\0004\000.\0002\000.\0001\000\040\000c\000l\000e\000a\000n\000u\000p\000\137\000c\000o\000n\000t\000e\000x\000t\000\050\000\051}{subsection.4.4.2}% 57
\BOOKMARK [3][-]{subsubsection.4.4.2.2}{\376\377\0004\000.\0004\000.\0002\000.\0002\000\040\000k\000\137\000p\000r\000o\000c\000e\000s\000s\000\137\000c\000l\000e\000a\000n\000u\000p\000\050\000\051}{subsection.4.4.2}% 58
\BOOKMARK [3][-]{subsubsection.4.4.2.3}{\376\377\0004\000.\0004\000.\0002\000.\0003\000\040\000k\000\137\000p\000r\000o\000c\000e\000s\000s\000\137\000c\000r\000e\000a\000t\000e\000\050\000\051}{subsection.4.4.2}% 59
\BOOKMARK [3][-]{subsubsection.4.4.2.4}{\376\377\0004\000.\0004\000.\0002\000.\0004\000\040\000k\000\137\000p\000r\000o\000c\000e\000s\000s\000\137\000k\000i\000l\000l\000\050\000\051}{subsection.4.4.2}% 60
\BOOKMARK [3][-]{subsubsection.4.4.2.5}{\376\377\0004\000.\0004\000.\0002\000.\0005\000\040\000s\000e\000t\000S\000t\000a\000c\000k\000\050\000\051}{subsection.4.4.2}% 61
\BOOKMARK [1][-]{section.4.5}{\376\377\0004\000.\0005\000\040\000s\000r\000c\000/\000k\000e\000r\000n\000e\000l\000/\000P\000C\000B\000.\000c\000\040\000F\000i\000l\000e\000\040\000R\000e\000f\000e\000r\000e\000n\000c\000e}{chapter.4}% 62
\BOOKMARK [1][-]{section.4.6}{\376\377\0004\000.\0006\000\040\000s\000r\000c\000/\000k\000e\000r\000n\000e\000l\000/\000P\000C\000B\000.\000h\000\040\000F\000i\000l\000e\000\040\000R\000e\000f\000e\000r\000e\000n\000c\000e}{chapter.4}% 63
\BOOKMARK [2][-]{subsection.4.6.1}{\376\377\0004\000.\0006\000.\0001\000\040\000D\000e\000t\000a\000i\000l\000e\000d\000\040\000D\000e\000s\000c\000r\000i\000p\000t\000i\000o\000n}{section.4.6}% 64
\BOOKMARK [2][-]{subsection.4.6.2}{\376\377\0004\000.\0006\000.\0002\000\040\000E\000n\000u\000m\000e\000r\000a\000t\000i\000o\000n\000\040\000T\000y\000p\000e\000\040\000D\000o\000c\000u\000m\000e\000n\000t\000a\000t\000i\000o\000n}{section.4.6}% 65
\BOOKMARK [3][-]{subsubsection.4.6.2.1}{\376\377\0004\000.\0006\000.\0002\000.\0001\000\040\000p\000r\000o\000c\000e\000s\000s\000\137\000s\000t\000a\000t\000e}{subsection.4.6.2}% 66
\BOOKMARK [2][-]{subsection.4.6.3}{\376\377\0004\000.\0006\000.\0003\000\040\000F\000u\000n\000c\000t\000i\000o\000n\000\040\000D\000o\000c\000u\000m\000e\000n\000t\000a\000t\000i\000o\000n}{section.4.6}% 67
\BOOKMARK [3][-]{subsubsection.4.6.3.1}{\376\377\0004\000.\0006\000.\0003\000.\0001\000\040\000c\000r\000e\000a\000t\000e\000\137\000P\000C\000B\000\050\000\051}{subsection.4.6.3}% 68
\BOOKMARK [3][-]{subsubsection.4.6.3.2}{\376\377\0004\000.\0006\000.\0003\000.\0002\000\040\000f\000r\000e\000e\000\137\000P\000C\000B\000\050\000\051}{subsection.4.6.3}% 69
\BOOKMARK [3][-]{subsubsection.4.6.3.3}{\376\377\0004\000.\0006\000.\0003\000.\0003\000\040\000g\000e\000t\000\137\000P\000C\000B\000\137\000b\000y\000\137\000p\000i\000d\000\050\000\051}{subsection.4.6.3}% 70
\BOOKMARK [3][-]{subsubsection.4.6.3.4}{\376\377\0004\000.\0006\000.\0003\000.\0004\000\040\000g\000e\000t\000S\000t\000a\000t\000e\000N\000a\000m\000e\000\050\000\051}{subsection.4.6.3}% 71
\BOOKMARK [1][-]{section.4.7}{\376\377\0004\000.\0007\000\040\000s\000r\000c\000/\000k\000e\000r\000n\000e\000l\000/\000s\000c\000h\000e\000d\000u\000l\000e\000r\000.\000h\000\040\000F\000i\000l\000e\000\040\000R\000e\000f\000e\000r\000e\000n\000c\000e}{chapter.4}% 72
\BOOKMARK [2][-]{subsection.4.7.1}{\376\377\0004\000.\0007\000.\0001\000\040\000D\000e\000t\000a\000i\000l\000e\000d\000\040\000D\000e\000s\000c\000r\000i\000p\000t\000i\000o\000n}{section.4.7}% 73
\BOOKMARK [2][-]{subsection.4.7.2}{\376\377\0004\000.\0007\000.\0002\000\040\000F\000u\000n\000c\000t\000i\000o\000n\000\040\000D\000o\000c\000u\000m\000e\000n\000t\000a\000t\000i\000o\000n}{section.4.7}% 74
\BOOKMARK [3][-]{subsubsection.4.7.2.1}{\376\377\0004\000.\0007\000.\0002\000.\0001\000\040\000g\000e\000t\000\137\000p\000r\000o\000c\000e\000s\000s\000\137\000p\000q\000\050\000\051}{subsection.4.7.2}% 75
\BOOKMARK [3][-]{subsubsection.4.7.2.2}{\376\377\0004\000.\0007\000.\0002\000.\0002\000\040\000k\000\137\000c\000u\000r\000r\000e\000n\000t\000\137\000p\000r\000o\000c\000e\000s\000s\000\050\000\051}{subsection.4.7.2}% 76
\BOOKMARK [3][-]{subsubsection.4.7.2.3}{\376\377\0004\000.\0007\000.\0002\000.\0003\000\040\000k\000\137\000g\000e\000t\000\137\000p\000q\000\137\000n\000u\000m\000\050\000\051}{subsection.4.7.2}% 77
\BOOKMARK [3][-]{subsubsection.4.7.2.4}{\376\377\0004\000.\0007\000.\0002\000.\0004\000\040\000s\000c\000h\000e\000d\000u\000l\000e\000P\000r\000o\000c\000e\000s\000s\000\050\000\051}{subsection.4.7.2}% 78
\BOOKMARK [1][-]{section.4.8}{\376\377\0004\000.\0008\000\040\000s\000r\000c\000/\000k\000e\000r\000n\000e\000l\000/\000u\000s\000e\000r\000.\000c\000\040\000F\000i\000l\000e\000\040\000R\000e\000f\000e\000r\000e\000n\000c\000e}{chapter.4}% 79
\BOOKMARK [2][-]{subsection.4.8.1}{\376\377\0004\000.\0008\000.\0001\000\040\000D\000e\000t\000a\000i\000l\000e\000d\000\040\000D\000e\000s\000c\000r\000i\000p\000t\000i\000o\000n}{section.4.8}% 80
\BOOKMARK [2][-]{subsection.4.8.2}{\376\377\0004\000.\0008\000.\0002\000\040\000F\000u\000n\000c\000t\000i\000o\000n\000\040\000D\000o\000c\000u\000m\000e\000n\000t\000a\000t\000i\000o\000n}{section.4.8}% 81
\BOOKMARK [3][-]{subsubsection.4.8.2.1}{\376\377\0004\000.\0008\000.\0002\000.\0001\000\040\000p\000\137\000k\000i\000l\000l\000\050\000\051}{subsection.4.8.2}% 82
\BOOKMARK [3][-]{subsubsection.4.8.2.2}{\376\377\0004\000.\0008\000.\0002\000.\0002\000\040\000p\000\137\000n\000i\000c\000e\000\050\000\051}{subsection.4.8.2}% 83
\BOOKMARK [3][-]{subsubsection.4.8.2.3}{\376\377\0004\000.\0008\000.\0002\000.\0003\000\040\000p\000\137\000s\000l\000e\000e\000p\000\050\000\051}{subsection.4.8.2}% 84
\BOOKMARK [3][-]{subsubsection.4.8.2.4}{\376\377\0004\000.\0008\000.\0002\000.\0004\000\040\000p\000\137\000s\000p\000a\000w\000n\000\050\000\051}{subsection.4.8.2}% 85
\BOOKMARK [3][-]{subsubsection.4.8.2.5}{\376\377\0004\000.\0008\000.\0002\000.\0005\000\040\000p\000\137\000s\000p\000a\000w\000n\000\137\000s\000h\000e\000l\000l\000\050\000\051}{subsection.4.8.2}% 86
\BOOKMARK [3][-]{subsubsection.4.8.2.6}{\376\377\0004\000.\0008\000.\0002\000.\0006\000\040\000p\000\137\000w\000a\000i\000t\000p\000i\000d\000\050\000\051}{subsection.4.8.2}% 87
\BOOKMARK [3][-]{subsubsection.4.8.2.7}{\376\377\0004\000.\0008\000.\0002\000.\0007\000\040\000W\000\137\000W\000I\000F\000E\000X\000I\000T\000E\000D\000\050\000\051}{subsection.4.8.2}% 88
\BOOKMARK [3][-]{subsubsection.4.8.2.8}{\376\377\0004\000.\0008\000.\0002\000.\0008\000\040\000W\000\137\000W\000I\000F\000S\000I\000G\000N\000A\000L\000E\000D\000\050\000\051}{subsection.4.8.2}% 89
\BOOKMARK [3][-]{subsubsection.4.8.2.9}{\376\377\0004\000.\0008\000.\0002\000.\0009\000\040\000W\000\137\000W\000I\000F\000S\000T\000O\000P\000P\000E\000D\000\050\000\051}{subsection.4.8.2}% 90
\BOOKMARK [1][-]{section.4.9}{\376\377\0004\000.\0009\000\040\000s\000r\000c\000/\000k\000e\000r\000n\000e\000l\000/\000u\000s\000e\000r\000.\000h\000\040\000F\000i\000l\000e\000\040\000R\000e\000f\000e\000r\000e\000n\000c\000e}{chapter.4}% 91
\BOOKMARK [2][-]{subsection.4.9.1}{\376\377\0004\000.\0009\000.\0001\000\040\000D\000e\000t\000a\000i\000l\000e\000d\000\040\000D\000e\000s\000c\000r\000i\000p\000t\000i\000o\000n}{section.4.9}% 92
\BOOKMARK [2][-]{subsection.4.9.2}{\376\377\0004\000.\0009\000.\0002\000\040\000F\000u\000n\000c\000t\000i\000o\000n\000\040\000D\000o\000c\000u\000m\000e\000n\000t\000a\000t\000i\000o\000n}{section.4.9}% 93
\BOOKMARK [3][-]{subsubsection.4.9.2.1}{\376\377\0004\000.\0009\000.\0002\000.\0001\000\040\000c\000o\000l\000l\000e\000c\000t\000C\000h\000i\000l\000d\000\050\000\051}{subsection.4.9.2}% 94
\BOOKMARK [3][-]{subsubsection.4.9.2.2}{\376\377\0004\000.\0009\000.\0002\000.\0002\000\040\000p\000\137\000k\000i\000l\000l\000\050\000\051}{subsection.4.9.2}% 95
\BOOKMARK [3][-]{subsubsection.4.9.2.3}{\376\377\0004\000.\0009\000.\0002\000.\0003\000\040\000p\000\137\000n\000i\000c\000e\000\050\000\051}{subsection.4.9.2}% 96
\BOOKMARK [3][-]{subsubsection.4.9.2.4}{\376\377\0004\000.\0009\000.\0002\000.\0004\000\040\000p\000\137\000s\000l\000e\000e\000p\000\050\000\051}{subsection.4.9.2}% 97
\BOOKMARK [3][-]{subsubsection.4.9.2.5}{\376\377\0004\000.\0009\000.\0002\000.\0005\000\040\000p\000\137\000s\000p\000a\000w\000n\000\050\000\051}{subsection.4.9.2}% 98
\BOOKMARK [3][-]{subsubsection.4.9.2.6}{\376\377\0004\000.\0009\000.\0002\000.\0006\000\040\000p\000\137\000s\000p\000a\000w\000n\000\137\000s\000h\000e\000l\000l\000\050\000\051}{subsection.4.9.2}% 99
\BOOKMARK [3][-]{subsubsection.4.9.2.7}{\376\377\0004\000.\0009\000.\0002\000.\0007\000\040\000p\000\137\000w\000a\000i\000t\000p\000i\000d\000\050\000\051}{subsection.4.9.2}% 100
\BOOKMARK [3][-]{subsubsection.4.9.2.8}{\376\377\0004\000.\0009\000.\0002\000.\0008\000\040\000W\000\137\000W\000I\000F\000E\000X\000I\000T\000E\000D\000\050\000\051}{subsection.4.9.2}% 101
\BOOKMARK [3][-]{subsubsection.4.9.2.9}{\376\377\0004\000.\0009\000.\0002\000.\0009\000\040\000W\000\137\000W\000I\000F\000S\000I\000G\000N\000A\000L\000E\000D\000\050\000\051}{subsection.4.9.2}% 102
\BOOKMARK [3][-]{subsubsection.4.9.2.10}{\376\377\0004\000.\0009\000.\0002\000.\0001\0000\000\040\000W\000\137\000W\000I\000F\000S\000T\000O\000P\000P\000E\000D\000\050\000\051}{subsection.4.9.2}% 103
\BOOKMARK [1][-]{section.4.10}{\376\377\0004\000.\0001\0000\000\040\000s\000r\000c\000/\000s\000h\000e\000l\000l\000/\000s\000h\000e\000l\000l\000-\000c\000o\000m\000m\000a\000n\000d\000s\000.\000c\000\040\000F\000i\000l\000e\000\040\000R\000e\000f\000e\000r\000e\000n\000c\000e}{chapter.4}% 104
\BOOKMARK [2][-]{subsection.4.10.1}{\376\377\0004\000.\0001\0000\000.\0001\000\040\000D\000e\000t\000a\000i\000l\000e\000d\000\040\000D\000e\000s\000c\000r\000i\000p\000t\000i\000o\000n}{section.4.10}% 105
\BOOKMARK [2][-]{subsection.4.10.2}{\376\377\0004\000.\0001\0000\000.\0002\000\040\000F\000u\000n\000c\000t\000i\000o\000n\000\040\000D\000o\000c\000u\000m\000e\000n\000t\000a\000t\000i\000o\000n}{section.4.10}% 106
\BOOKMARK [3][-]{subsubsection.4.10.2.1}{\376\377\0004\000.\0001\0000\000.\0002\000.\0001\000\040\000i\000d\000l\000e\000\050\000\051}{subsection.4.10.2}% 107
\BOOKMARK [3][-]{subsubsection.4.10.2.2}{\376\377\0004\000.\0001\0000\000.\0002\000.\0002\000\040\000r\000e\000g\000i\000s\000t\000e\000r\000\137\000s\000i\000g\000\137\000h\000a\000n\000d\000l\000e\000r\000s\000\050\000\051}{subsection.4.10.2}% 108
\BOOKMARK [3][-]{subsubsection.4.10.2.3}{\376\377\0004\000.\0001\0000\000.\0002\000.\0003\000\040\000s\000\137\000b\000g\000\050\000\051}{subsection.4.10.2}% 109
\BOOKMARK [3][-]{subsubsection.4.10.2.4}{\376\377\0004\000.\0001\0000\000.\0002\000.\0004\000\040\000s\000\137\000b\000u\000s\000y\000\050\000\051}{subsection.4.10.2}% 110
\BOOKMARK [3][-]{subsubsection.4.10.2.5}{\376\377\0004\000.\0001\0000\000.\0002\000.\0005\000\040\000s\000\137\000c\000a\000t\000\050\000\051}{subsection.4.10.2}% 111
\BOOKMARK [3][-]{subsubsection.4.10.2.6}{\376\377\0004\000.\0001\0000\000.\0002\000.\0006\000\040\000s\000\137\000c\000h\000m\000o\000d\000\050\000\051}{subsection.4.10.2}% 112
\BOOKMARK [3][-]{subsubsection.4.10.2.7}{\376\377\0004\000.\0001\0000\000.\0002\000.\0007\000\040\000s\000\137\000c\000p\000\050\000\051}{subsection.4.10.2}% 113
\BOOKMARK [3][-]{subsubsection.4.10.2.8}{\376\377\0004\000.\0001\0000\000.\0002\000.\0008\000\040\000s\000\137\000e\000c\000h\000o\000\050\000\051}{subsection.4.10.2}% 114
\BOOKMARK [3][-]{subsubsection.4.10.2.9}{\376\377\0004\000.\0001\0000\000.\0002\000.\0009\000\040\000s\000\137\000f\000g\000\050\000\051}{subsection.4.10.2}% 115
\BOOKMARK [3][-]{subsubsection.4.10.2.10}{\376\377\0004\000.\0001\0000\000.\0002\000.\0001\0000\000\040\000s\000\137\000j\000o\000b\000s\000\050\000\051}{subsection.4.10.2}% 116
\BOOKMARK [3][-]{subsubsection.4.10.2.11}{\376\377\0004\000.\0001\0000\000.\0002\000.\0001\0001\000\040\000s\000\137\000k\000i\000l\000l\000\050\000\051}{subsection.4.10.2}% 117
\BOOKMARK [3][-]{subsubsection.4.10.2.12}{\376\377\0004\000.\0001\0000\000.\0002\000.\0001\0002\000\040\000s\000\137\000l\000o\000g\000o\000u\000t\000\050\000\051}{subsection.4.10.2}% 118
\BOOKMARK [3][-]{subsubsection.4.10.2.13}{\376\377\0004\000.\0001\0000\000.\0002\000.\0001\0003\000\040\000s\000\137\000l\000s\000\050\000\051}{subsection.4.10.2}% 119
\BOOKMARK [3][-]{subsubsection.4.10.2.14}{\376\377\0004\000.\0001\0000\000.\0002\000.\0001\0004\000\040\000s\000\137\000m\000a\000n\000\050\000\051}{subsection.4.10.2}% 120
\BOOKMARK [3][-]{subsubsection.4.10.2.15}{\376\377\0004\000.\0001\0000\000.\0002\000.\0001\0005\000\040\000s\000\137\000m\000v\000\050\000\051}{subsection.4.10.2}% 121
\BOOKMARK [3][-]{subsubsection.4.10.2.16}{\376\377\0004\000.\0001\0000\000.\0002\000.\0001\0006\000\040\000s\000\137\000n\000i\000c\000e\000\050\000\051}{subsection.4.10.2}% 122
\BOOKMARK [3][-]{subsubsection.4.10.2.17}{\376\377\0004\000.\0001\0000\000.\0002\000.\0001\0007\000\040\000s\000\137\000n\000i\000c\000e\000\137\000p\000i\000d\000\050\000\051}{subsection.4.10.2}% 123
\BOOKMARK [3][-]{subsubsection.4.10.2.18}{\376\377\0004\000.\0001\0000\000.\0002\000.\0001\0008\000\040\000s\000\137\000o\000r\000p\000h\000a\000n\000i\000f\000y\000\050\000\051}{subsection.4.10.2}% 124
\BOOKMARK [3][-]{subsubsection.4.10.2.19}{\376\377\0004\000.\0001\0000\000.\0002\000.\0001\0009\000\040\000s\000\137\000r\000m\000\050\000\051}{subsection.4.10.2}% 125
\BOOKMARK [3][-]{subsubsection.4.10.2.20}{\376\377\0004\000.\0001\0000\000.\0002\000.\0002\0000\000\040\000s\000\137\000s\000l\000e\000e\000p\000\050\000\051}{subsection.4.10.2}% 126
\BOOKMARK [3][-]{subsubsection.4.10.2.21}{\376\377\0004\000.\0001\0000\000.\0002\000.\0002\0001\000\040\000s\000\137\000t\000o\000u\000c\000h\000\050\000\051}{subsection.4.10.2}% 127
\BOOKMARK [3][-]{subsubsection.4.10.2.22}{\376\377\0004\000.\0001\0000\000.\0002\000.\0002\0002\000\040\000s\000\137\000z\000o\000m\000b\000i\000f\000y\000\050\000\051}{subsection.4.10.2}% 128
\BOOKMARK [1][-]{section.4.11}{\376\377\0004\000.\0001\0001\000\040\000s\000r\000c\000/\000s\000h\000e\000l\000l\000/\000s\000h\000e\000l\000l\000-\000p\000a\000r\000s\000e\000r\000.\000c\000\040\000F\000i\000l\000e\000\040\000R\000e\000f\000e\000r\000e\000n\000c\000e}{chapter.4}% 129
\BOOKMARK [2][-]{subsection.4.11.1}{\376\377\0004\000.\0001\0001\000.\0001\000\040\000D\000e\000t\000a\000i\000l\000e\000d\000\040\000D\000e\000s\000c\000r\000i\000p\000t\000i\000o\000n}{section.4.11}% 130
\BOOKMARK [2][-]{subsection.4.11.2}{\376\377\0004\000.\0001\0001\000.\0002\000\040\000F\000u\000n\000c\000t\000i\000o\000n\000\040\000D\000o\000c\000u\000m\000e\000n\000t\000a\000t\000i\000o\000n}{section.4.11}% 131
\BOOKMARK [3][-]{subsubsection.4.11.2.1}{\376\377\0004\000.\0001\0001\000.\0002\000.\0001\000\040\000r\000e\000a\000d\000\137\000l\000i\000n\000e\000\050\000\051}{subsection.4.11.2}% 132
\BOOKMARK [3][-]{subsubsection.4.11.2.2}{\376\377\0004\000.\0001\0001\000.\0002\000.\0002\000\040\000t\000o\000\137\000u\000p\000p\000e\000r\000\050\000\051}{subsection.4.11.2}% 133
\BOOKMARK [2][-]{subsection.4.11.3}{\376\377\0004\000.\0001\0001\000.\0003\000\040\000V\000a\000r\000i\000a\000b\000l\000e\000\040\000D\000o\000c\000u\000m\000e\000n\000t\000a\000t\000i\000o\000n}{section.4.11}% 134
\BOOKMARK [3][-]{subsubsection.4.11.3.1}{\376\377\0004\000.\0001\0001\000.\0003\000.\0001\000\040\000c\000o\000m\000m\000a\000n\000d\000s}{subsection.4.11.3}% 135
\BOOKMARK [1][-]{section.4.12}{\376\377\0004\000.\0001\0002\000\040\000s\000r\000c\000/\000s\000h\000e\000l\000l\000/\000s\000h\000e\000l\000l\000-\000p\000a\000r\000s\000e\000r\000.\000h\000\040\000F\000i\000l\000e\000\040\000R\000e\000f\000e\000r\000e\000n\000c\000e}{chapter.4}% 136
\BOOKMARK [2][-]{subsection.4.12.1}{\376\377\0004\000.\0001\0002\000.\0001\000\040\000D\000e\000t\000a\000i\000l\000e\000d\000\040\000D\000e\000s\000c\000r\000i\000p\000t\000i\000o\000n}{section.4.12}% 137
\BOOKMARK [2][-]{subsection.4.12.2}{\376\377\0004\000.\0001\0002\000.\0002\000\040\000F\000u\000n\000c\000t\000i\000o\000n\000\040\000D\000o\000c\000u\000m\000e\000n\000t\000a\000t\000i\000o\000n}{section.4.12}% 138
\BOOKMARK [3][-]{subsubsection.4.12.2.1}{\376\377\0004\000.\0001\0002\000.\0002\000.\0001\000\040\000i\000d\000e\000n\000t\000i\000f\000y\000\137\000c\000o\000m\000m\000a\000n\000d\000\050\000\051}{subsection.4.12.2}% 139
\BOOKMARK [3][-]{subsubsection.4.12.2.2}{\376\377\0004\000.\0001\0002\000.\0002\000.\0002\000\040\000r\000e\000a\000d\000\137\000l\000i\000n\000e\000\050\000\051}{subsection.4.12.2}% 140
\BOOKMARK [3][-]{subsubsection.4.12.2.3}{\376\377\0004\000.\0001\0002\000.\0002\000.\0003\000\040\000t\000o\000\137\000u\000p\000p\000e\000r\000\050\000\051}{subsection.4.12.2}% 141
\BOOKMARK [1][-]{section.4.13}{\376\377\0004\000.\0001\0003\000\040\000s\000r\000c\000/\000s\000h\000e\000l\000l\000/\000s\000h\000e\000l\000l\000.\000c\000\040\000F\000i\000l\000e\000\040\000R\000e\000f\000e\000r\000e\000n\000c\000e}{chapter.4}% 142
\BOOKMARK [2][-]{subsection.4.13.1}{\376\377\0004\000.\0001\0003\000.\0001\000\040\000D\000e\000t\000a\000i\000l\000e\000d\000\040\000D\000e\000s\000c\000r\000i\000p\000t\000i\000o\000n}{section.4.13}% 143
\BOOKMARK [2][-]{subsection.4.13.2}{\376\377\0004\000.\0001\0003\000.\0002\000\040\000F\000u\000n\000c\000t\000i\000o\000n\000\040\000D\000o\000c\000u\000m\000e\000n\000t\000a\000t\000i\000o\000n}{section.4.13}% 144
\BOOKMARK [3][-]{subsubsection.4.13.2.1}{\376\377\0004\000.\0001\0003\000.\0002\000.\0001\000\040\000s\000h\000e\000l\000l\000\137\000l\000o\000o\000p\000\050\000\051}{subsection.4.13.2}% 145
\BOOKMARK [1][-]{section.4.14}{\376\377\0004\000.\0001\0004\000\040\000s\000r\000c\000/\000s\000h\000e\000l\000l\000/\000s\000h\000e\000l\000l\000.\000h\000\040\000F\000i\000l\000e\000\040\000R\000e\000f\000e\000r\000e\000n\000c\000e}{chapter.4}% 146
\BOOKMARK [2][-]{subsection.4.14.1}{\376\377\0004\000.\0001\0004\000.\0001\000\040\000D\000e\000t\000a\000i\000l\000e\000d\000\040\000D\000e\000s\000c\000r\000i\000p\000t\000i\000o\000n}{section.4.14}% 147
\BOOKMARK [2][-]{subsection.4.14.2}{\376\377\0004\000.\0001\0004\000.\0002\000\040\000F\000u\000n\000c\000t\000i\000o\000n\000\040\000D\000o\000c\000u\000m\000e\000n\000t\000a\000t\000i\000o\000n}{section.4.14}% 148
\BOOKMARK [3][-]{subsubsection.4.14.2.1}{\376\377\0004\000.\0001\0004\000.\0002\000.\0001\000\040\000s\000h\000e\000l\000l\000\137\000l\000o\000o\000p\000\050\000\051}{subsection.4.14.2}% 149
\BOOKMARK [1][-]{section.4.15}{\376\377\0004\000.\0001\0005\000\040\000s\000r\000c\000/\000s\000h\000e\000l\000l\000/\000s\000t\000r\000e\000s\000s\000.\000h\000\040\000F\000i\000l\000e\000\040\000R\000e\000f\000e\000r\000e\000n\000c\000e}{chapter.4}% 150
\BOOKMARK [2][-]{subsection.4.15.1}{\376\377\0004\000.\0001\0005\000.\0001\000\040\000D\000e\000t\000a\000i\000l\000e\000d\000\040\000D\000e\000s\000c\000r\000i\000p\000t\000i\000o\000n}{section.4.15}% 151
\BOOKMARK [2][-]{subsection.4.15.2}{\376\377\0004\000.\0001\0005\000.\0002\000\040\000F\000u\000n\000c\000t\000i\000o\000n\000\040\000D\000o\000c\000u\000m\000e\000n\000t\000a\000t\000i\000o\000n}{section.4.15}% 152
\BOOKMARK [3][-]{subsubsection.4.15.2.1}{\376\377\0004\000.\0001\0005\000.\0002\000.\0001\000\040\000h\000a\000n\000g\000\050\000\051}{subsection.4.15.2}% 153
\BOOKMARK [3][-]{subsubsection.4.15.2.2}{\376\377\0004\000.\0001\0005\000.\0002\000.\0002\000\040\000n\000o\000h\000a\000n\000g\000\050\000\051}{subsection.4.15.2}% 154
\BOOKMARK [3][-]{subsubsection.4.15.2.3}{\376\377\0004\000.\0001\0005\000.\0002\000.\0003\000\040\000r\000e\000c\000u\000r\000\050\000\051}{subsection.4.15.2}% 155
\BOOKMARK [1][-]{section.4.16}{\376\377\0004\000.\0001\0006\000\040\000s\000r\000c\000/\000u\000t\000i\000l\000/\000h\000a\000s\000h\000.\000c\000\040\000F\000i\000l\000e\000\040\000R\000e\000f\000e\000r\000e\000n\000c\000e}{chapter.4}% 156
\BOOKMARK [2][-]{subsection.4.16.1}{\376\377\0004\000.\0001\0006\000.\0001\000\040\000D\000e\000t\000a\000i\000l\000e\000d\000\040\000D\000e\000s\000c\000r\000i\000p\000t\000i\000o\000n}{section.4.16}% 157
\BOOKMARK [2][-]{subsection.4.16.2}{\376\377\0004\000.\0001\0006\000.\0002\000\040\000F\000u\000n\000c\000t\000i\000o\000n\000\040\000D\000o\000c\000u\000m\000e\000n\000t\000a\000t\000i\000o\000n}{section.4.16}% 158
\BOOKMARK [3][-]{subsubsection.4.16.2.1}{\376\377\0004\000.\0001\0006\000.\0002\000.\0001\000\040\000h\000a\000s\000h\000\050\000\051}{subsection.4.16.2}% 159
\BOOKMARK [3][-]{subsubsection.4.16.2.2}{\376\377\0004\000.\0001\0006\000.\0002\000.\0002\000\040\000i\000n\000s\000e\000r\000t\000\050\000\051}{subsection.4.16.2}% 160
\BOOKMARK [3][-]{subsubsection.4.16.2.3}{\376\377\0004\000.\0001\0006\000.\0002\000.\0003\000\040\000l\000o\000o\000k\000u\000p\000\050\000\051}{subsection.4.16.2}% 161
\BOOKMARK [1][-]{section.4.17}{\376\377\0004\000.\0001\0007\000\040\000s\000r\000c\000/\000u\000t\000i\000l\000/\000h\000a\000s\000h\000.\000h\000\040\000F\000i\000l\000e\000\040\000R\000e\000f\000e\000r\000e\000n\000c\000e}{chapter.4}% 162
\BOOKMARK [2][-]{subsection.4.17.1}{\376\377\0004\000.\0001\0007\000.\0001\000\040\000D\000e\000t\000a\000i\000l\000e\000d\000\040\000D\000e\000s\000c\000r\000i\000p\000t\000i\000o\000n}{section.4.17}% 163
\BOOKMARK [2][-]{subsection.4.17.2}{\376\377\0004\000.\0001\0007\000.\0002\000\040\000T\000y\000p\000e\000d\000e\000f\000\040\000D\000o\000c\000u\000m\000e\000n\000t\000a\000t\000i\000o\000n}{section.4.17}% 164
\BOOKMARK [3][-]{subsubsection.4.17.2.1}{\376\377\0004\000.\0001\0007\000.\0002\000.\0001\000\040\000H\000a\000s\000h\000N\000o\000d\000e}{subsection.4.17.2}% 165
\BOOKMARK [2][-]{subsection.4.17.3}{\376\377\0004\000.\0001\0007\000.\0003\000\040\000F\000u\000n\000c\000t\000i\000o\000n\000\040\000D\000o\000c\000u\000m\000e\000n\000t\000a\000t\000i\000o\000n}{section.4.17}% 166
\BOOKMARK [3][-]{subsubsection.4.17.3.1}{\376\377\0004\000.\0001\0007\000.\0003\000.\0001\000\040\000h\000a\000s\000h\000\050\000\051}{subsection.4.17.3}% 167
\BOOKMARK [3][-]{subsubsection.4.17.3.2}{\376\377\0004\000.\0001\0007\000.\0003\000.\0002\000\040\000i\000n\000s\000e\000r\000t\000\050\000\051}{subsection.4.17.3}% 168
\BOOKMARK [3][-]{subsubsection.4.17.3.3}{\376\377\0004\000.\0001\0007\000.\0003\000.\0003\000\040\000l\000o\000o\000k\000u\000p\000\050\000\051}{subsection.4.17.3}% 169
\BOOKMARK [1][-]{section.4.18}{\376\377\0004\000.\0001\0008\000\040\000s\000r\000c\000/\000u\000t\000i\000l\000/\000l\000i\000n\000k\000e\000d\000\137\000l\000i\000s\000t\000.\000c\000\040\000F\000i\000l\000e\000\040\000R\000e\000f\000e\000r\000e\000n\000c\000e}{chapter.4}% 170
\BOOKMARK [2][-]{subsection.4.18.1}{\376\377\0004\000.\0001\0008\000.\0001\000\040\000D\000e\000t\000a\000i\000l\000e\000d\000\040\000D\000e\000s\000c\000r\000i\000p\000t\000i\000o\000n}{section.4.18}% 171
\BOOKMARK [1][-]{section.4.19}{\376\377\0004\000.\0001\0009\000\040\000s\000r\000c\000/\000u\000t\000i\000l\000/\000l\000o\000g\000g\000e\000r\000.\000c\000\040\000F\000i\000l\000e\000\040\000R\000e\000f\000e\000r\000e\000n\000c\000e}{chapter.4}% 172
\BOOKMARK [2][-]{subsection.4.19.1}{\376\377\0004\000.\0001\0009\000.\0001\000\040\000D\000e\000t\000a\000i\000l\000e\000d\000\040\000D\000e\000s\000c\000r\000i\000p\000t\000i\000o\000n}{section.4.19}% 173
\BOOKMARK [2][-]{subsection.4.19.2}{\376\377\0004\000.\0001\0009\000.\0002\000\040\000F\000u\000n\000c\000t\000i\000o\000n\000\040\000D\000o\000c\000u\000m\000e\000n\000t\000a\000t\000i\000o\000n}{section.4.19}% 174
\BOOKMARK [3][-]{subsubsection.4.19.2.1}{\376\377\0004\000.\0001\0009\000.\0002\000.\0001\000\040\000l\000o\000g\000\137\000f\000i\000l\000e\000\050\000\051}{subsection.4.19.2}% 175
\BOOKMARK [3][-]{subsubsection.4.19.2.2}{\376\377\0004\000.\0001\0009\000.\0002\000.\0002\000\040\000w\000r\000i\000t\000e\000\137\000l\000o\000g\000\050\000\051}{subsection.4.19.2}% 176
\BOOKMARK [1][-]{section.4.20}{\376\377\0004\000.\0002\0000\000\040\000s\000r\000c\000/\000u\000t\000i\000l\000/\000s\000i\000g\000n\000a\000l\000.\000c\000\040\000F\000i\000l\000e\000\040\000R\000e\000f\000e\000r\000e\000n\000c\000e}{chapter.4}% 177
\BOOKMARK [2][-]{subsection.4.20.1}{\376\377\0004\000.\0002\0000\000.\0001\000\040\000D\000e\000t\000a\000i\000l\000e\000d\000\040\000D\000e\000s\000c\000r\000i\000p\000t\000i\000o\000n}{section.4.20}% 178
